<?xml version="1.0" encoding="UTF-8"?>
<!-- Generated by org.testng.reporters.JUnitReportReporter -->
<testsuite hostname="LAPTOP-SHO3121B" name="test.ChannelNameOptionTest" tests="1" failures="0" timestamp="5 Sep 2020 05:23:29 GMT" time="11.058" errors="0">
  <testcase name="channelNameOptionTest" time="11.058" classname="test.ChannelNameOptionTest"/>
</testsuite> <!-- test.ChannelNameOptionTest -->
