<?xml version="1.0" encoding="UTF-8"?>
<!-- Generated by org.testng.reporters.JUnitReportReporter -->
<testsuite hostname="LAPTOP-SHO3121B" name="test.UpdateStatusTest" tests="1" failures="0" timestamp="18 Sep 2020 02:51:49 GMT" time="18.430" errors="0">
  <testcase name="channelPageTest" time="18.430" classname="test.UpdateStatusTest"/>
</testsuite> <!-- test.UpdateStatusTest -->
