<?xml version="1.0" encoding="UTF-8"?>
<!-- Generated by org.testng.reporters.JUnitReportReporter -->
<testsuite hostname="LAPTOP-SHO3121B" name="test.StatusUpdateTest" tests="1" failures="0" timestamp="31 Aug 2020 23:38:51 GMT" time="16.122" errors="0">
  <testcase name="updateTest" time="16.122" classname="test.StatusUpdateTest"/>
</testsuite> <!-- test.StatusUpdateTest -->
