<?xml version="1.0" encoding="UTF-8"?>
<!-- Generated by org.testng.reporters.JUnitReportReporter -->
<testsuite hostname="LAPTOP-SHO3121B" name="test.UserPageTest" tests="1" failures="0" timestamp="18 Sep 2020 02:37:22 GMT" time="14.112" errors="0">
  <testcase name="channelPageTest" time="14.112" classname="test.UserPageTest"/>
</testsuite> <!-- test.UserPageTest -->
