<?xml version="1.0" encoding="UTF-8"?>
<!-- Generated by org.testng.reporters.JUnitReportReporter -->
<testsuite hostname="LAPTOP-SHO3121B" name="test.SetStatusTest" tests="1" failures="0" timestamp="18 Sep 2020 02:53:12 GMT" time="18.952" errors="0">
  <testcase name="channelPageTest" time="18.952" classname="test.SetStatusTest"/>
</testsuite> <!-- test.SetStatusTest -->
