<?xml version="1.0" encoding="UTF-8"?>
<!-- Generated by org.testng.reporters.JUnitReportReporter -->
<testsuite hostname="LAPTOP-SHO3121B" name="test.AdditionalOptionTest" tests="1" failures="0" timestamp="5 Sep 2020 05:18:24 GMT" time="10.603" errors="0">
  <testcase name="deleteOptionTest" time="10.603" classname="test.AdditionalOptionTest"/>
</testsuite> <!-- test.AdditionalOptionTest -->
