<?xml version="1.0" encoding="UTF-8"?>
<!-- Generated by org.testng.reporters.JUnitReportReporter -->
<testsuite hostname="LAPTOP-SHO3121B" name="test.CreateChannelTest" tests="1" failures="0" timestamp="4 Sep 2020 03:11:48 GMT" time="8.302" errors="0">
  <testcase name="channelTest" time="8.302" classname="test.CreateChannelTest"/>
</testsuite> <!-- test.CreateChannelTest -->
