<?xml version="1.0" encoding="UTF-8"?>
<!-- Generated by org.testng.reporters.JUnitReportReporter -->
<testsuite hostname="LAPTOP-SHO3121B" name="test.DistroyChannelTest" tests="1" failures="0" timestamp="1 Sep 2020 17:43:26 GMT" time="14.244" errors="0">
  <testcase name="channelRemoveTest" time="14.244" classname="test.DistroyChannelTest"/>
</testsuite> <!-- test.DistroyChannelTest -->
