<?xml version="1.0" encoding="UTF-8"?>
<!-- Generated by org.testng.reporters.JUnitReportReporter -->
<testsuite hostname="LAPTOP-SHO3121B" name="test.LoginTest" tests="1" failures="0" timestamp="8 Sep 2020 15:07:17 GMT" time="7.620" errors="0">
  <testcase name="signInTest" time="7.620" classname="test.LoginTest"/>
</testsuite> <!-- test.LoginTest -->
