<?xml version="1.0" encoding="UTF-8"?>
<!-- Generated by org.testng.reporters.JUnitReportReporter -->
<testsuite hostname="LAPTOP-SHO3121B" name="test.DeleteChannelTest" tests="1" failures="0" timestamp="5 Sep 2020 15:57:12 GMT" time="15.349" errors="0">
  <testcase name="deleteChannelTest" time="15.349" classname="test.DeleteChannelTest"/>
</testsuite> <!-- test.DeleteChannelTest -->
