<?xml version="1.0" encoding="UTF-8"?>
<!-- Generated by org.testng.reporters.JUnitReportReporter -->
<testsuite hostname="LAPTOP-SHO3121B" name="test.GeneralPostTest" tests="1" failures="0" timestamp="7 Sep 2020 01:25:52 GMT" time="21.081" errors="0">
  <testcase name="userTest" time="21.081" classname="test.GeneralPostTest"/>
</testsuite> <!-- test.GeneralPostTest -->
