<?xml version="1.0" encoding="UTF-8"?>
<!-- Generated by org.testng.reporters.JUnitReportReporter -->
<testsuite hostname="LAPTOP-SHO3121B" name="test.StatusModeUpdateTest" tests="1" failures="0" timestamp="18 Sep 2020 02:40:46 GMT" time="15.843" errors="0">
  <testcase name="channelPageTest" time="15.843" classname="test.StatusModeUpdateTest"/>
</testsuite> <!-- test.StatusModeUpdateTest -->
