<?xml version="1.0" encoding="UTF-8"?>
<!-- Generated by org.testng.reporters.JUnitReportReporter -->
<testsuite hostname="LAPTOP-SHO3121B" name="test.ActiveStatusUpdateTest" tests="1" failures="0" timestamp="8 Sep 2020 03:40:09 GMT" time="22.604" errors="0">
  <testcase name="statusTest" time="22.604" classname="test.ActiveStatusUpdateTest"/>
</testsuite> <!-- test.ActiveStatusUpdateTest -->
