<?xml version="1.0" encoding="UTF-8"?>
<!-- Generated by org.testng.reporters.JUnitReportReporter -->
<testsuite hostname="LAPTOP-SHO3121B" name="test.StatusTest" tests="1" failures="0" timestamp="7 Sep 2020 16:08:53 GMT" time="15.386" errors="0">
  <testcase name="updateTest" time="15.386" classname="test.StatusTest"/>
</testsuite> <!-- test.StatusTest -->
