<?xml version="1.0" encoding="UTF-8"?>
<!-- Generated by org.testng.reporters.JUnitReportReporter -->
<testsuite hostname="LAPTOP-SHO3121B" name="test.HomePageTest" tests="1" failures="0" timestamp="29 Aug 2020 20:04:39 GMT" time="7.075" errors="0">
  <testcase name="channelPageTest" time="7.075" classname="test.HomePageTest"/>
</testsuite> <!-- test.HomePageTest -->
