<?xml version="1.0" encoding="UTF-8"?>
<!-- Generated by org.testng.reporters.JUnitReportReporter -->
<testsuite hostname="LAPTOP-SHO3121B" name="test.DoneChannelTest" tests="1" failures="0" timestamp="5 Sep 2020 05:22:14 GMT" time="10.804" errors="0">
  <testcase name="doneChannelTest" time="10.804" classname="test.DoneChannelTest"/>
</testsuite> <!-- test.DoneChannelTest -->
